SERVICES variable is ignored if EAGER_SERVICE_LOADING=0.
Persistence mode was activated using the DATA_DIR variable. DATA_DIR is deprecated and its value is ignored. The data is instead stored into /var/lib/localstack/state in the LocalStack volume.
2023-03-05T15:57:04.749 DEBUG --- [  MainThread] stevedore.extension        : found extension EntryPoint(name='_patch_botocore_json_parser', value='localstack.aws.client:_patch_botocore_json_parser', group='localstack.hooks.on_infra_start')
2023-03-05T15:57:04.749 DEBUG --- [  MainThread] stevedore.extension        : found extension EntryPoint(name='_publish_config_as_analytics_event', value='localstack.runtime.analytics:_publish_config_as_analytics_event', group='localstack.hooks.on_infra_start')
2023-03-05T15:57:04.749 DEBUG --- [  MainThread] stevedore.extension        : found extension EntryPoint(name='_run_init_scripts_on_start', value='localstack.runtime.init:_run_init_scripts_on_start', group='localstack.hooks.on_infra_start')
2023-03-05T15:57:04.750 DEBUG --- [  MainThread] stevedore.extension        : found extension EntryPoint(name='deprecation_warnings', value='localstack.plugins:deprecation_warnings', group='localstack.hooks.on_infra_start')
2023-03-05T15:57:04.751 DEBUG --- [  MainThread] stevedore.extension        : found extension EntryPoint(name='register_partition_adjusting_proxy_listener', value='localstack.plugins:register_partition_adjusting_proxy_listener', group='localstack.hooks.on_infra_start')
2023-03-05T15:57:04.751 DEBUG --- [  MainThread] stevedore.extension        : found extension EntryPoint(name='_run_dill_patch', value='localstack_ext.bootstrap.pods.plugins:_run_dill_patch', group='localstack.hooks.on_infra_start')
2023-03-05T15:57:04.751 DEBUG --- [  MainThread] stevedore.extension        : found extension EntryPoint(name='add_aws_request_logger', value='localstack_ext.analytics.plugins:add_aws_request_logger', group='localstack.hooks.on_infra_start')
2023-03-05T15:57:04.751 DEBUG --- [  MainThread] stevedore.extension        : found extension EntryPoint(name='add_custom_edge_routes', value='localstack_ext.plugins:add_custom_edge_routes', group='localstack.hooks.on_infra_start')
2023-03-05T15:57:04.753 DEBUG --- [  MainThread] stevedore.extension        : found extension EntryPoint(name='add_iam_enforcement_listener', value='localstack_ext.services.iam.plugins:add_iam_enforcement_listener', group='localstack.hooks.on_infra_start')
2023-03-05T15:57:04.753 DEBUG --- [  MainThread] stevedore.extension        : found extension EntryPoint(name='add_legacy_iam_enforcement_listener', value='localstack_ext.services.iam.plugins:add_legacy_iam_enforcement_listener', group='localstack.hooks.on_infra_start')
2023-03-05T15:57:04.753 DEBUG --- [  MainThread] stevedore.extension        : found extension EntryPoint(name='configure_enterprise', value='localstack_ext.plugins:configure_enterprise', group='localstack.hooks.on_infra_start')
2023-03-05T15:57:04.753 DEBUG --- [  MainThread] stevedore.extension        : found extension EntryPoint(name='deprecation_warnings_pro', value='localstack_ext.plugins:deprecation_warnings_pro', group='localstack.hooks.on_infra_start')
2023-03-05T15:57:04.753 DEBUG --- [  MainThread] stevedore.extension        : found extension EntryPoint(name='extensions_on_infra_start', value='localstack_ext.extensions.plugins:extensions_on_infra_start', group='localstack.hooks.on_infra_start')
2023-03-05T15:57:04.754 DEBUG --- [  MainThread] stevedore.extension        : found extension EntryPoint(name='init_stackinfo_handler', value='localstack_ext.services.internal.stackinfo.plugins:init_stackinfo_handler', group='localstack.hooks.on_infra_start')
2023-03-05T15:57:04.754 DEBUG --- [  MainThread] stevedore.extension        : found extension EntryPoint(name='register_launchpad_api', value='localstack_ext.bootstrap.pods.launchpad.plugins:register_launchpad_api', group='localstack.hooks.on_infra_start')
2023-03-05T15:57:04.756 DEBUG --- [  MainThread] stevedore.extension        : found extension EntryPoint(name='register_public_pods_api', value='localstack_ext.persistence.plugins:register_public_pods_api', group='localstack.hooks.on_infra_start')
2023-03-05T15:57:04.756 DEBUG --- [  MainThread] stevedore.extension        : found extension EntryPoint(name='register_restricted_pods_api', value='localstack_ext.persistence.plugins:register_restricted_pods_api', group='localstack.hooks.on_infra_start')
2023-03-05T15:57:04.756 DEBUG --- [  MainThread] stevedore.extension        : found extension EntryPoint(name='register_state_serializer_handlers', value='localstack_ext.persistence.plugins:register_state_serializer_handlers', group='localstack.hooks.on_infra_start')
2023-03-05T15:57:04.756 DEBUG --- [  MainThread] stevedore.extension        : found extension EntryPoint(name='setup_pro_infra', value='localstack_ext.plugins:setup_pro_infra', group='localstack.hooks.on_infra_start')
2023-03-05T15:57:04.756 DEBUG --- [  MainThread] stevedore.extension        : found extension EntryPoint(name='start_dns_server', value='localstack_ext.plugins:start_dns_server', group='localstack.hooks.on_infra_start')
2023-03-05T15:57:04.756 DEBUG --- [  MainThread] plugin.manager             : instantiating plugin PluginSpec(localstack.hooks.on_infra_start._patch_botocore_json_parser = <function _patch_botocore_json_parser at 0xffffafeb8820>)
2023-03-05T15:57:04.756 DEBUG --- [  MainThread] plugin.manager             : loading plugin localstack.hooks.on_infra_start:_patch_botocore_json_parser
2023-03-05T15:57:04.756 DEBUG --- [  MainThread] plugin.manager             : instantiating plugin PluginSpec(localstack.hooks.on_infra_start._publish_config_as_analytics_event = <function _publish_config_as_analytics_event at 0xffffafeb8af0>)
2023-03-05T15:57:04.756 DEBUG --- [  MainThread] plugin.manager             : loading plugin localstack.hooks.on_infra_start:_publish_config_as_analytics_event
2023-03-05T15:57:04.756 DEBUG --- [  MainThread] plugin.manager             : instantiating plugin PluginSpec(localstack.hooks.on_infra_start._run_init_scripts_on_start = <function _run_init_scripts_on_start at 0xffffafeb9750>)
2023-03-05T15:57:04.756 DEBUG --- [  MainThread] plugin.manager             : loading plugin localstack.hooks.on_infra_start:_run_init_scripts_on_start
2023-03-05T15:57:04.756 DEBUG --- [  MainThread] plugin.manager             : instantiating plugin PluginSpec(localstack.hooks.on_infra_start.deprecation_warnings = <function deprecation_warnings at 0xffffafeb9f30>)
2023-03-05T15:57:04.756 DEBUG --- [  MainThread] plugin.manager             : loading plugin localstack.hooks.on_infra_start:deprecation_warnings
2023-03-05T15:57:04.757 DEBUG --- [  MainThread] plugin.manager             : instantiating plugin PluginSpec(localstack.hooks.on_infra_start.register_partition_adjusting_proxy_listener = <function register_partition_adjusting_proxy_listener at 0xffffafeb9e10>)
2023-03-05T15:57:04.757 DEBUG --- [  MainThread] plugin.manager             : plugin localstack.hooks.on_infra_start:register_partition_adjusting_proxy_listener is disabled
2023-03-05T15:57:04.757 DEBUG --- [  MainThread] plugin.manager             : instantiating plugin PluginSpec(localstack.hooks.on_infra_start._run_dill_patch = <function _run_dill_patch at 0xffffafeb9fc0>)
2023-03-05T15:57:04.757 DEBUG --- [  MainThread] plugin.manager             : loading plugin localstack.hooks.on_infra_start:_run_dill_patch
2023-03-05T15:57:04.757 DEBUG --- [  MainThread] plugin.manager             : instantiating plugin PluginSpec(localstack.hooks.on_infra_start.add_aws_request_logger = <function add_aws_request_logger at 0xffffafeba320>)
2023-03-05T15:57:04.757 DEBUG --- [  MainThread] plugin.manager             : plugin localstack.hooks.on_infra_start:add_aws_request_logger is disabled
2023-03-05T15:57:04.757 DEBUG --- [  MainThread] plugin.manager             : instantiating plugin PluginSpec(localstack.hooks.on_infra_start.add_custom_edge_routes = <function add_custom_edge_routes at 0xffffafebb7f0>)
2023-03-05T15:57:04.757 DEBUG --- [  MainThread] plugin.manager             : plugin localstack.hooks.on_infra_start:add_custom_edge_routes is disabled
2023-03-05T15:57:04.757 DEBUG --- [  MainThread] plugin.manager             : instantiating plugin PluginSpec(localstack.hooks.on_infra_start.add_iam_enforcement_listener = <function add_iam_enforcement_listener at 0xffffafedc9d0>)
2023-03-05T15:57:04.757 DEBUG --- [  MainThread] plugin.manager             : plugin localstack.hooks.on_infra_start:add_iam_enforcement_listener is disabled
2023-03-05T15:57:04.757 DEBUG --- [  MainThread] plugin.manager             : instantiating plugin PluginSpec(localstack.hooks.on_infra_start.add_legacy_iam_enforcement_listener = <function add_legacy_iam_enforcement_listener at 0xffffafedc820>)
2023-03-05T15:57:04.757 DEBUG --- [  MainThread] plugin.manager             : plugin localstack.hooks.on_infra_start:add_legacy_iam_enforcement_listener is disabled
2023-03-05T15:57:04.757 DEBUG --- [  MainThread] plugin.manager             : instantiating plugin PluginSpec(localstack.hooks.on_infra_start.configure_enterprise = <function configure_enterprise at 0xffffafebbeb0>)
2023-03-05T15:57:04.757 DEBUG --- [  MainThread] plugin.manager             : plugin localstack.hooks.on_infra_start:configure_enterprise is disabled
2023-03-05T15:57:04.757 DEBUG --- [  MainThread] plugin.manager             : instantiating plugin PluginSpec(localstack.hooks.on_infra_start.deprecation_warnings_pro = <function deprecation_warnings_pro at 0xffffafedc3a0>)
2023-03-05T15:57:04.757 DEBUG --- [  MainThread] plugin.manager             : loading plugin localstack.hooks.on_infra_start:deprecation_warnings_pro
2023-03-05T15:57:04.757 DEBUG --- [  MainThread] plugin.manager             : instantiating plugin PluginSpec(localstack.hooks.on_infra_start.extensions_on_infra_start = <function extensions_on_infra_start at 0xffffafedcd30>)
2023-03-05T15:57:04.757 DEBUG --- [  MainThread] plugin.manager             : plugin localstack.hooks.on_infra_start:extensions_on_infra_start is disabled
2023-03-05T15:57:04.757 DEBUG --- [  MainThread] plugin.manager             : instantiating plugin PluginSpec(localstack.hooks.on_infra_start.init_stackinfo_handler = <function init_stackinfo_handler at 0xffffafedd360>)
2023-03-05T15:57:04.757 DEBUG --- [  MainThread] plugin.manager             : plugin localstack.hooks.on_infra_start:init_stackinfo_handler is disabled
2023-03-05T15:57:04.757 DEBUG --- [  MainThread] plugin.manager             : instantiating plugin PluginSpec(localstack.hooks.on_infra_start.register_launchpad_api = <function register_launchpad_api at 0xffffafede830>)
2023-03-05T15:57:04.757 DEBUG --- [  MainThread] plugin.manager             : loading plugin localstack.hooks.on_infra_start:register_launchpad_api
2023-03-05T15:57:04.757 DEBUG --- [  MainThread] plugin.manager             : instantiating plugin PluginSpec(localstack.hooks.on_infra_start.register_public_pods_api = <function register_public_pods_api at 0xffffafededd0>)
2023-03-05T15:57:04.757 DEBUG --- [  MainThread] plugin.manager             : loading plugin localstack.hooks.on_infra_start:register_public_pods_api
2023-03-05T15:57:04.757 DEBUG --- [  MainThread] plugin.manager             : instantiating plugin PluginSpec(localstack.hooks.on_infra_start.register_restricted_pods_api = <function register_restricted_pods_api at 0xffffafedecb0>)
2023-03-05T15:57:04.757 DEBUG --- [  MainThread] plugin.manager             : plugin localstack.hooks.on_infra_start:register_restricted_pods_api is disabled
2023-03-05T15:57:04.757 DEBUG --- [  MainThread] plugin.manager             : instantiating plugin PluginSpec(localstack.hooks.on_infra_start.register_state_serializer_handlers = <function register_state_serializer_handlers at 0xffffafedeef0>)
2023-03-05T15:57:04.757 DEBUG --- [  MainThread] plugin.manager             : plugin localstack.hooks.on_infra_start:register_state_serializer_handlers is disabled
2023-03-05T15:57:04.757 DEBUG --- [  MainThread] plugin.manager             : instantiating plugin PluginSpec(localstack.hooks.on_infra_start.setup_pro_infra = <function setup_pro_infra at 0xffffafedc040>)
2023-03-05T15:57:04.757 DEBUG --- [  MainThread] plugin.manager             : plugin localstack.hooks.on_infra_start:setup_pro_infra is disabled
2023-03-05T15:57:04.757 DEBUG --- [  MainThread] plugin.manager             : instantiating plugin PluginSpec(localstack.hooks.on_infra_start.start_dns_server = <function start_dns_server at 0xffffafebbb50>)
2023-03-05T15:57:04.757 DEBUG --- [  MainThread] plugin.manager             : plugin localstack.hooks.on_infra_start:start_dns_server is disabled
2023-03-05T15:57:04.758 DEBUG --- [  MainThread] localstack.runtime.init    : Init scripts discovered: {BOOT: [], START: [], READY: [], SHUTDOWN: []}
2023-03-05T15:57:04.758 DEBUG --- [  MainThread] localstack.plugins         : Checking for the usage of deprecated community features and configs...
2023-03-05T15:57:04.758  WARN --- [  MainThread] localstack.deprecations    : DATA_DIR is deprecated (since 1.0.0) and will be removed in upcoming releases of LocalStack! Please use PERSISTENCE instead. The state will be stored in your LocalStack volume in the state/ directory.
2023-03-05T15:57:04.782  WARN --- [  MainThread] l.services.internal        : Enabling diagnose endpoint, please be aware that this can expose sensitive information via your network.
2023-03-05T15:57:04.863 DEBUG --- [  MainThread] l.a.p.service_router       : loading service catalog index cache file /var/lib/localstack/cache/service-catalog-1_4_1_dev-1_29_82.pickle
2023-03-05T15:57:04.873 DEBUG --- [  MainThread] localstack.utils.threads   : start_thread called without providing a custom name
2023-03-05T15:57:04.881 DEBUG --- [-functhread2] localstack.utils.ssl       : Using cached SSL certificate (less than 6hrs since last update).
2023-03-05T15:57:04.888  WARN --- [-functhread3] hypercorn.error            : ASGI Framework Lifespan error, continuing without Lifespan support
2023-03-05T15:57:04.888  WARN --- [-functhread3] hypercorn.error            : ASGI Framework Lifespan error, continuing without Lifespan support
2023-03-05T15:57:04.890  INFO --- [-functhread3] hypercorn.error            : Running on https://0.0.0.0:4566 (CTRL + C to quit)
2023-03-05T15:57:04.890  INFO --- [-functhread3] hypercorn.error            : Running on https://0.0.0.0:4566 (CTRL + C to quit)
2023-03-05T15:57:05.177 DEBUG --- [  MainThread] stevedore.extension        : found extension EntryPoint(name='acm:default', value='localstack.services.providers:acm', group='localstack.aws.provider')
2023-03-05T15:57:05.188 DEBUG --- [  MainThread] stevedore.extension        : found extension EntryPoint(name='apigateway:default', value='localstack.services.providers:apigateway', group='localstack.aws.provider')
2023-03-05T15:57:05.188 DEBUG --- [  MainThread] stevedore.extension        : found extension EntryPoint(name='cloudformation:default', value='localstack.services.providers:cloudformation', group='localstack.aws.provider')
2023-03-05T15:57:05.188 DEBUG --- [  MainThread] stevedore.extension        : found extension EntryPoint(name='cloudwatch:default', value='localstack.services.providers:cloudwatch', group='localstack.aws.provider')
2023-03-05T15:57:05.189 DEBUG --- [  MainThread] stevedore.extension        : found extension EntryPoint(name='config:default', value='localstack.services.providers:awsconfig', group='localstack.aws.provider')
2023-03-05T15:57:05.189 DEBUG --- [  MainThread] stevedore.extension        : found extension EntryPoint(name='dynamodb:default', value='localstack.services.providers:dynamodb', group='localstack.aws.provider')
2023-03-05T15:57:05.189 DEBUG --- [  MainThread] stevedore.extension        : found extension EntryPoint(name='dynamodbstreams:default', value='localstack.services.providers:dynamodbstreams', group='localstack.aws.provider')
2023-03-05T15:57:05.189 DEBUG --- [  MainThread] stevedore.extension        : found extension EntryPoint(name='ec2:default', value='localstack.services.providers:ec2', group='localstack.aws.provider')
2023-03-05T15:57:05.189 DEBUG --- [  MainThread] stevedore.extension        : found extension EntryPoint(name='es:default', value='localstack.services.providers:es', group='localstack.aws.provider')
2023-03-05T15:57:05.189 DEBUG --- [  MainThread] stevedore.extension        : found extension EntryPoint(name='events:default', value='localstack.services.providers:events', group='localstack.aws.provider')
2023-03-05T15:57:05.190 DEBUG --- [  MainThread] stevedore.extension        : found extension EntryPoint(name='firehose:default', value='localstack.services.providers:firehose', group='localstack.aws.provider')
2023-03-05T15:57:05.190 DEBUG --- [  MainThread] stevedore.extension        : found extension EntryPoint(name='iam:default', value='localstack.services.providers:iam', group='localstack.aws.provider')
2023-03-05T15:57:05.190 DEBUG --- [  MainThread] stevedore.extension        : found extension EntryPoint(name='kinesis:default', value='localstack.services.providers:kinesis', group='localstack.aws.provider')
2023-03-05T15:57:05.190 DEBUG --- [  MainThread] stevedore.extension        : found extension EntryPoint(name='kms:default', value='localstack.services.providers:kms', group='localstack.aws.provider')
2023-03-05T15:57:05.190 DEBUG --- [  MainThread] stevedore.extension        : found extension EntryPoint(name='lambda:asf', value='localstack.services.providers:awslambda_asf', group='localstack.aws.provider')
2023-03-05T15:57:05.190 DEBUG --- [  MainThread] stevedore.extension        : found extension EntryPoint(name='lambda:default', value='localstack.services.providers:awslambda', group='localstack.aws.provider')
2023-03-05T15:57:05.190 DEBUG --- [  MainThread] stevedore.extension        : found extension EntryPoint(name='lambda:v2', value='localstack.services.providers:awslambda_v2', group='localstack.aws.provider')
2023-03-05T15:57:05.190 DEBUG --- [  MainThread] stevedore.extension        : found extension EntryPoint(name='logs:default', value='localstack.services.providers:logs', group='localstack.aws.provider')
2023-03-05T15:57:05.190 DEBUG --- [  MainThread] stevedore.extension        : found extension EntryPoint(name='opensearch:default', value='localstack.services.providers:opensearch', group='localstack.aws.provider')
2023-03-05T15:57:05.190 DEBUG --- [  MainThread] stevedore.extension        : found extension EntryPoint(name='redshift:default', value='localstack.services.providers:redshift', group='localstack.aws.provider')
2023-03-05T15:57:05.191 DEBUG --- [  MainThread] stevedore.extension        : found extension EntryPoint(name='resource-groups:default', value='localstack.services.providers:resource_groups', group='localstack.aws.provider')
2023-03-05T15:57:05.191 DEBUG --- [  MainThread] stevedore.extension        : found extension EntryPoint(name='resourcegroupstaggingapi:default', value='localstack.services.providers:resourcegroupstaggingapi', group='localstack.aws.provider')
2023-03-05T15:57:05.191 DEBUG --- [  MainThread] stevedore.extension        : found extension EntryPoint(name='route53:default', value='localstack.services.providers:route53', group='localstack.aws.provider')
2023-03-05T15:57:05.191 DEBUG --- [  MainThread] stevedore.extension        : found extension EntryPoint(name='route53resolver:default', value='localstack.services.providers:route53resolver', group='localstack.aws.provider')
2023-03-05T15:57:05.191 DEBUG --- [  MainThread] stevedore.extension        : found extension EntryPoint(name='s3:asf', value='localstack.services.providers:s3_asf', group='localstack.aws.provider')
2023-03-05T15:57:05.191 DEBUG --- [  MainThread] stevedore.extension        : found extension EntryPoint(name='s3:default', value='localstack.services.providers:s3', group='localstack.aws.provider')
2023-03-05T15:57:05.191 DEBUG --- [  MainThread] stevedore.extension        : found extension EntryPoint(name='s3:v2', value='localstack.services.providers:s3_v2', group='localstack.aws.provider')
2023-03-05T15:57:05.191 DEBUG --- [  MainThread] stevedore.extension        : found extension EntryPoint(name='s3control:default', value='localstack.services.providers:s3control', group='localstack.aws.provider')
2023-03-05T15:57:05.191 DEBUG --- [  MainThread] stevedore.extension        : found extension EntryPoint(name='secretsmanager:default', value='localstack.services.providers:secretsmanager', group='localstack.aws.provider')
2023-03-05T15:57:05.192 DEBUG --- [  MainThread] stevedore.extension        : found extension EntryPoint(name='ses:default', value='localstack.services.providers:ses', group='localstack.aws.provider')
2023-03-05T15:57:05.192 DEBUG --- [  MainThread] stevedore.extension        : found extension EntryPoint(name='sns:default', value='localstack.services.providers:sns', group='localstack.aws.provider')
2023-03-05T15:57:05.192 DEBUG --- [  MainThread] stevedore.extension        : found extension EntryPoint(name='sqs:default', value='localstack.services.providers:sqs', group='localstack.aws.provider')
2023-03-05T15:57:05.192 DEBUG --- [  MainThread] stevedore.extension        : found extension EntryPoint(name='ssm:default', value='localstack.services.providers:ssm', group='localstack.aws.provider')
2023-03-05T15:57:05.192 DEBUG --- [  MainThread] stevedore.extension        : found extension EntryPoint(name='stepfunctions:default', value='localstack.services.providers:stepfunctions', group='localstack.aws.provider')
2023-03-05T15:57:05.192 DEBUG --- [  MainThread] stevedore.extension        : found extension EntryPoint(name='stepfunctions:v2', value='localstack.services.providers:stepfunctions_v2', group='localstack.aws.provider')
2023-03-05T15:57:05.193 DEBUG --- [  MainThread] stevedore.extension        : found extension EntryPoint(name='sts:default', value='localstack.services.providers:sts', group='localstack.aws.provider')
2023-03-05T15:57:05.193 DEBUG --- [  MainThread] stevedore.extension        : found extension EntryPoint(name='support:default', value='localstack.services.providers:support', group='localstack.aws.provider')
2023-03-05T15:57:05.193 DEBUG --- [  MainThread] stevedore.extension        : found extension EntryPoint(name='swf:default', value='localstack.services.providers:swf', group='localstack.aws.provider')
2023-03-05T15:57:05.193 DEBUG --- [  MainThread] stevedore.extension        : found extension EntryPoint(name='transcribe:default', value='localstack.services.providers:transcribe', group='localstack.aws.provider')
2023-03-05T15:57:05.193 DEBUG --- [  MainThread] stevedore.extension        : found extension EntryPoint(name='acm:pro', value='localstack_ext.providers:acm', group='localstack.aws.provider')
2023-03-05T15:57:05.197 DEBUG --- [  MainThread] stevedore.extension        : found extension EntryPoint(name='amplify:pro', value='localstack_ext.providers:amplify', group='localstack.aws.provider')
2023-03-05T15:57:05.197 DEBUG --- [  MainThread] stevedore.extension        : found extension EntryPoint(name='apigateway:pro', value='localstack_ext.providers:apigateway', group='localstack.aws.provider')
2023-03-05T15:57:05.197 DEBUG --- [  MainThread] stevedore.extension        : found extension EntryPoint(name='apigatewaymanagementapi:pro', value='localstack_ext.providers:apigatewaymanagementapi', group='localstack.aws.provider')
2023-03-05T15:57:05.197 DEBUG --- [  MainThread] stevedore.extension        : found extension EntryPoint(name='apigatewayv2:pro', value='localstack_ext.providers:apigatewayv2', group='localstack.aws.provider')
2023-03-05T15:57:05.197 DEBUG --- [  MainThread] stevedore.extension        : found extension EntryPoint(name='appconfig:pro', value='localstack_ext.providers:appconfig', group='localstack.aws.provider')
2023-03-05T15:57:05.197 DEBUG --- [  MainThread] stevedore.extension        : found extension EntryPoint(name='application-autoscaling:pro', value='localstack_ext.providers:application_autoscaling', group='localstack.aws.provider')
2023-03-05T15:57:05.197 DEBUG --- [  MainThread] stevedore.extension        : found extension EntryPoint(name='appsync:pro', value='localstack_ext.providers:appsync', group='localstack.aws.provider')
2023-03-05T15:57:05.197 DEBUG --- [  MainThread] stevedore.extension        : found extension EntryPoint(name='athena:pro', value='localstack_ext.providers:athena', group='localstack.aws.provider')
2023-03-05T15:57:05.198 DEBUG --- [  MainThread] stevedore.extension        : found extension EntryPoint(name='autoscaling:pro', value='localstack_ext.providers:autoscaling', group='localstack.aws.provider')
2023-03-05T15:57:05.198 DEBUG --- [  MainThread] stevedore.extension        : found extension EntryPoint(name='azure:pro', value='localstack_ext.providers:azure', group='localstack.aws.provider')
2023-03-05T15:57:05.198 DEBUG --- [  MainThread] stevedore.extension        : found extension EntryPoint(name='backup:pro', value='localstack_ext.providers:backup', group='localstack.aws.provider')
2023-03-05T15:57:05.198 DEBUG --- [  MainThread] stevedore.extension        : found extension EntryPoint(name='batch:pro', value='localstack_ext.providers:batch', group='localstack.aws.provider')
2023-03-05T15:57:05.198 DEBUG --- [  MainThread] stevedore.extension        : found extension EntryPoint(name='ce:pro', value='localstack_ext.providers:ce', group='localstack.aws.provider')
2023-03-05T15:57:05.198 DEBUG --- [  MainThread] stevedore.extension        : found extension EntryPoint(name='cloudformation:pro', value='localstack_ext.providers:cloudformation', group='localstack.aws.provider')
2023-03-05T15:57:05.198 DEBUG --- [  MainThread] stevedore.extension        : found extension EntryPoint(name='cloudfront:pro', value='localstack_ext.providers:cloudfront', group='localstack.aws.provider')
2023-03-05T15:57:05.198 DEBUG --- [  MainThread] stevedore.extension        : found extension EntryPoint(name='cloudtrail:pro', value='localstack_ext.providers:cloudtrail', group='localstack.aws.provider')
2023-03-05T15:57:05.198 DEBUG --- [  MainThread] stevedore.extension        : found extension EntryPoint(name='cloudwatch:pro', value='localstack_ext.providers:cloudwatch', group='localstack.aws.provider')
2023-03-05T15:57:05.198 DEBUG --- [  MainThread] stevedore.extension        : found extension EntryPoint(name='codecommit:pro', value='localstack_ext.providers:codecommit', group='localstack.aws.provider')
2023-03-05T15:57:05.198 DEBUG --- [  MainThread] stevedore.extension        : found extension EntryPoint(name='cognito-identity:pro', value='localstack_ext.providers:cognito_identity', group='localstack.aws.provider')
2023-03-05T15:57:05.198 DEBUG --- [  MainThread] stevedore.extension        : found extension EntryPoint(name='cognito-idp:pro', value='localstack_ext.providers:cognito_idp', group='localstack.aws.provider')
2023-03-05T15:57:05.199 DEBUG --- [  MainThread] stevedore.extension        : found extension EntryPoint(name='docdb:pro', value='localstack_ext.providers:docdb', group='localstack.aws.provider')
2023-03-05T15:57:05.199 DEBUG --- [  MainThread] stevedore.extension        : found extension EntryPoint(name='dynamodb:pro', value='localstack_ext.providers:dynamodb', group='localstack.aws.provider')
2023-03-05T15:57:05.199 DEBUG --- [  MainThread] stevedore.extension        : found extension EntryPoint(name='dynamodbstreams:pro', value='localstack_ext.providers:dynamodbstreams', group='localstack.aws.provider')
2023-03-05T15:57:05.199 DEBUG --- [  MainThread] stevedore.extension        : found extension EntryPoint(name='ec2:pro', value='localstack_ext.providers:ec2', group='localstack.aws.provider')
2023-03-05T15:57:05.199 DEBUG --- [  MainThread] stevedore.extension        : found extension EntryPoint(name='ecr:pro', value='localstack_ext.providers:ecr', group='localstack.aws.provider')
2023-03-05T15:57:05.199 DEBUG --- [  MainThread] stevedore.extension        : found extension EntryPoint(name='ecs:pro', value='localstack_ext.providers:ecs', group='localstack.aws.provider')
2023-03-05T15:57:05.199 DEBUG --- [  MainThread] stevedore.extension        : found extension EntryPoint(name='efs:pro', value='localstack_ext.providers:efs', group='localstack.aws.provider')
2023-03-05T15:57:05.199 DEBUG --- [  MainThread] stevedore.extension        : found extension EntryPoint(name='eks:mock', value='localstack_ext.providers:eks_mock', group='localstack.aws.provider')
2023-03-05T15:57:05.199 DEBUG --- [  MainThread] stevedore.extension        : found extension EntryPoint(name='eks:pro', value='localstack_ext.providers:eks', group='localstack.aws.provider')
2023-03-05T15:57:05.199 DEBUG --- [  MainThread] stevedore.extension        : found extension EntryPoint(name='elasticache:pro', value='localstack_ext.providers:elasticache', group='localstack.aws.provider')
2023-03-05T15:57:05.200 DEBUG --- [  MainThread] stevedore.extension        : found extension EntryPoint(name='elasticbeanstalk:pro', value='localstack_ext.providers:elasticbeanstalk', group='localstack.aws.provider')
2023-03-05T15:57:05.200 DEBUG --- [  MainThread] stevedore.extension        : found extension EntryPoint(name='elb:pro', value='localstack_ext.providers:elb', group='localstack.aws.provider')
2023-03-05T15:57:05.200 DEBUG --- [  MainThread] stevedore.extension        : found extension EntryPoint(name='elbv2:pro', value='localstack_ext.providers:elbv2', group='localstack.aws.provider')
2023-03-05T15:57:05.200 DEBUG --- [  MainThread] stevedore.extension        : found extension EntryPoint(name='emr:pro', value='localstack_ext.providers:emr', group='localstack.aws.provider')
2023-03-05T15:57:05.200 DEBUG --- [  MainThread] stevedore.extension        : found extension EntryPoint(name='events:pro', value='localstack_ext.providers:events', group='localstack.aws.provider')
2023-03-05T15:57:05.200 DEBUG --- [  MainThread] stevedore.extension        : found extension EntryPoint(name='fis:pro', value='localstack_ext.providers:fis', group='localstack.aws.provider')
2023-03-05T15:57:05.200 DEBUG --- [  MainThread] stevedore.extension        : found extension EntryPoint(name='glacier:pro', value='localstack_ext.providers:glacier', group='localstack.aws.provider')
2023-03-05T15:57:05.200 DEBUG --- [  MainThread] stevedore.extension        : found extension EntryPoint(name='glue:pro', value='localstack_ext.providers:glue', group='localstack.aws.provider')
2023-03-05T15:57:05.200 DEBUG --- [  MainThread] stevedore.extension        : found extension EntryPoint(name='iam:pro', value='localstack_ext.providers:iam', group='localstack.aws.provider')
2023-03-05T15:57:05.200 DEBUG --- [  MainThread] stevedore.extension        : found extension EntryPoint(name='iot-data:pro', value='localstack_ext.providers:iot_data', group='localstack.aws.provider')
2023-03-05T15:57:05.200 DEBUG --- [  MainThread] stevedore.extension        : found extension EntryPoint(name='iot:pro', value='localstack_ext.providers:iot', group='localstack.aws.provider')
2023-03-05T15:57:05.200 DEBUG --- [  MainThread] stevedore.extension        : found extension EntryPoint(name='iotanalytics:pro', value='localstack_ext.providers:iotanalytics', group='localstack.aws.provider')
2023-03-05T15:57:05.200 DEBUG --- [  MainThread] stevedore.extension        : found extension EntryPoint(name='iotwireless:pro', value='localstack_ext.providers:iotwireless', group='localstack.aws.provider')
2023-03-05T15:57:05.201 DEBUG --- [  MainThread] stevedore.extension        : found extension EntryPoint(name='kafka:pro', value='localstack_ext.providers:kafka', group='localstack.aws.provider')
2023-03-05T15:57:05.201 DEBUG --- [  MainThread] stevedore.extension        : found extension EntryPoint(name='kinesis:pro', value='localstack_ext.providers:kinesis', group='localstack.aws.provider')
2023-03-05T15:57:05.201 DEBUG --- [  MainThread] stevedore.extension        : found extension EntryPoint(name='kinesisanalytics:pro', value='localstack_ext.providers:kinesisanalytics', group='localstack.aws.provider')
2023-03-05T15:57:05.201 DEBUG --- [  MainThread] stevedore.extension        : found extension EntryPoint(name='kinesisanalyticsv2:pro', value='localstack_ext.providers:kinesisanalyticsv2', group='localstack.aws.provider')
2023-03-05T15:57:05.201 DEBUG --- [  MainThread] stevedore.extension        : found extension EntryPoint(name='kms:pro', value='localstack_ext.providers:kms', group='localstack.aws.provider')
2023-03-05T15:57:05.201 DEBUG --- [  MainThread] stevedore.extension        : found extension EntryPoint(name='lakeformation:pro', value='localstack_ext.providers:lakeformation', group='localstack.aws.provider')
2023-03-05T15:57:05.201 DEBUG --- [  MainThread] stevedore.extension        : found extension EntryPoint(name='lambda:asf_pro', value='localstack_ext.providers:lambda_asf', group='localstack.aws.provider')
2023-03-05T15:57:05.201 DEBUG --- [  MainThread] stevedore.extension        : found extension EntryPoint(name='lambda:pro', value='localstack_ext.providers:awslambda', group='localstack.aws.provider')
2023-03-05T15:57:05.201 DEBUG --- [  MainThread] stevedore.extension        : found extension EntryPoint(name='lambda:v2_pro', value='localstack_ext.providers:lambda_v2', group='localstack.aws.provider')
2023-03-05T15:57:05.201 DEBUG --- [  MainThread] stevedore.extension        : found extension EntryPoint(name='logs:pro', value='localstack_ext.providers:logs', group='localstack.aws.provider')
2023-03-05T15:57:05.201 DEBUG --- [  MainThread] stevedore.extension        : found extension EntryPoint(name='mediastore-data:pro', value='localstack_ext.providers:mediastore_data', group='localstack.aws.provider')
2023-03-05T15:57:05.201 DEBUG --- [  MainThread] stevedore.extension        : found extension EntryPoint(name='mediastore:pro', value='localstack_ext.providers:mediastore', group='localstack.aws.provider')
2023-03-05T15:57:05.201 DEBUG --- [  MainThread] stevedore.extension        : found extension EntryPoint(name='mq:pro', value='localstack_ext.providers:mq', group='localstack.aws.provider')
2023-03-05T15:57:05.202 DEBUG --- [  MainThread] stevedore.extension        : found extension EntryPoint(name='mwaa:pro', value='localstack_ext.providers:mwaa', group='localstack.aws.provider')
2023-03-05T15:57:05.202 DEBUG --- [  MainThread] stevedore.extension        : found extension EntryPoint(name='neptune:pro', value='localstack_ext.providers:neptune', group='localstack.aws.provider')
2023-03-05T15:57:05.202 DEBUG --- [  MainThread] stevedore.extension        : found extension EntryPoint(name='opensearch:pro', value='localstack_ext.providers:opensearch', group='localstack.aws.provider')
2023-03-05T15:57:05.202 DEBUG --- [  MainThread] stevedore.extension        : found extension EntryPoint(name='organizations:pro', value='localstack_ext.providers:organizations', group='localstack.aws.provider')
2023-03-05T15:57:05.202 DEBUG --- [  MainThread] stevedore.extension        : found extension EntryPoint(name='qldb-session:pro', value='localstack_ext.providers:qldb_session', group='localstack.aws.provider')
2023-03-05T15:57:05.202 DEBUG --- [  MainThread] stevedore.extension        : found extension EntryPoint(name='qldb:pro', value='localstack_ext.providers:qldb', group='localstack.aws.provider')
2023-03-05T15:57:05.202 DEBUG --- [  MainThread] stevedore.extension        : found extension EntryPoint(name='rds-data:pro', value='localstack_ext.providers:rds_data', group='localstack.aws.provider')
2023-03-05T15:57:05.202 DEBUG --- [  MainThread] stevedore.extension        : found extension EntryPoint(name='rds:pro', value='localstack_ext.providers:rds', group='localstack.aws.provider')
2023-03-05T15:57:05.202 DEBUG --- [  MainThread] stevedore.extension        : found extension EntryPoint(name='redshift-data:pro', value='localstack_ext.providers:redshift_data', group='localstack.aws.provider')
2023-03-05T15:57:05.202 DEBUG --- [  MainThread] stevedore.extension        : found extension EntryPoint(name='redshift:pro', value='localstack_ext.providers:redshift', group='localstack.aws.provider')
2023-03-05T15:57:05.202 DEBUG --- [  MainThread] stevedore.extension        : found extension EntryPoint(name='route53:pro', value='localstack_ext.providers:route53', group='localstack.aws.provider')
2023-03-05T15:57:05.202 DEBUG --- [  MainThread] stevedore.extension        : found extension EntryPoint(name='s3:asf_pro', value='localstack_ext.providers:s3_asf', group='localstack.aws.provider')
2023-03-05T15:57:05.202 DEBUG --- [  MainThread] stevedore.extension        : found extension EntryPoint(name='s3:pro', value='localstack_ext.providers:s3', group='localstack.aws.provider')
2023-03-05T15:57:05.202 DEBUG --- [  MainThread] stevedore.extension        : found extension EntryPoint(name='s3:v2_pro', value='localstack_ext.providers:s3_v2', group='localstack.aws.provider')
2023-03-05T15:57:05.202 DEBUG --- [  MainThread] stevedore.extension        : found extension EntryPoint(name='sagemaker-runtime:pro', value='localstack_ext.providers:sagemaker_runtime', group='localstack.aws.provider')
2023-03-05T15:57:05.202 DEBUG --- [  MainThread] stevedore.extension        : found extension EntryPoint(name='sagemaker:pro', value='localstack_ext.providers:sagemaker', group='localstack.aws.provider')
2023-03-05T15:57:05.202 DEBUG --- [  MainThread] stevedore.extension        : found extension EntryPoint(name='secretsmanager:pro', value='localstack_ext.providers:secretsmanager', group='localstack.aws.provider')
2023-03-05T15:57:05.203 DEBUG --- [  MainThread] stevedore.extension        : found extension EntryPoint(name='serverlessrepo:pro', value='localstack_ext.providers:serverlessrepo', group='localstack.aws.provider')
2023-03-05T15:57:05.203 DEBUG --- [  MainThread] stevedore.extension        : found extension EntryPoint(name='servicediscovery:pro', value='localstack_ext.providers:servicediscovery', group='localstack.aws.provider')
2023-03-05T15:57:05.203 DEBUG --- [  MainThread] stevedore.extension        : found extension EntryPoint(name='ses:pro', value='localstack_ext.providers:ses', group='localstack.aws.provider')
2023-03-05T15:57:05.203 DEBUG --- [  MainThread] stevedore.extension        : found extension EntryPoint(name='sesv2:pro', value='localstack_ext.providers:sesv2', group='localstack.aws.provider')
2023-03-05T15:57:05.203 DEBUG --- [  MainThread] stevedore.extension        : found extension EntryPoint(name='sns:pro', value='localstack_ext.providers:sns', group='localstack.aws.provider')
2023-03-05T15:57:05.203 DEBUG --- [  MainThread] stevedore.extension        : found extension EntryPoint(name='sqs:pro', value='localstack_ext.providers:sqs', group='localstack.aws.provider')
2023-03-05T15:57:05.203 DEBUG --- [  MainThread] stevedore.extension        : found extension EntryPoint(name='ssm:pro', value='localstack_ext.providers:ssm', group='localstack.aws.provider')
2023-03-05T15:57:05.203 DEBUG --- [  MainThread] stevedore.extension        : found extension EntryPoint(name='stepfunctions:pro', value='localstack_ext.providers:stepfunctions', group='localstack.aws.provider')
2023-03-05T15:57:05.203 DEBUG --- [  MainThread] stevedore.extension        : found extension EntryPoint(name='sts:pro', value='localstack_ext.providers:sts', group='localstack.aws.provider')
2023-03-05T15:57:05.203 DEBUG --- [  MainThread] stevedore.extension        : found extension EntryPoint(name='timestream-query:pro', value='localstack_ext.providers:timestream_query', group='localstack.aws.provider')
2023-03-05T15:57:05.203 DEBUG --- [  MainThread] stevedore.extension        : found extension EntryPoint(name='timestream-write:pro', value='localstack_ext.providers:timestream_write', group='localstack.aws.provider')
2023-03-05T15:57:05.203 DEBUG --- [  MainThread] stevedore.extension        : found extension EntryPoint(name='transfer:pro', value='localstack_ext.providers:transfer', group='localstack.aws.provider')
2023-03-05T15:57:05.203 DEBUG --- [  MainThread] stevedore.extension        : found extension EntryPoint(name='xray:pro', value='localstack_ext.providers:xray', group='localstack.aws.provider')
2023-03-05T15:57:05.204 DEBUG --- [  MainThread] stevedore.extension        : found extension EntryPoint(name='_run_init_scripts_on_ready', value='localstack.runtime.init:_run_init_scripts_on_ready', group='localstack.hooks.on_infra_ready')
2023-03-05T15:57:05.205 DEBUG --- [  MainThread] stevedore.extension        : found extension EntryPoint(name='register_virtual_host_routes', value='localstack.services.s3.virtual_host:register_virtual_host_routes', group='localstack.hooks.on_infra_ready')
2023-03-05T15:57:05.231 DEBUG --- [  MainThread] stevedore.extension        : found extension EntryPoint(name='extensions_on_infra_ready', value='localstack_ext.extensions.plugins:extensions_on_infra_ready', group='localstack.hooks.on_infra_ready')
2023-03-05T15:57:05.231 DEBUG --- [  MainThread] stevedore.extension        : found extension EntryPoint(name='initialize_health_info', value='localstack_ext.plugins:initialize_health_info', group='localstack.hooks.on_infra_ready')
2023-03-05T15:57:05.231 DEBUG --- [  MainThread] plugin.manager             : instantiating plugin PluginSpec(localstack.hooks.on_infra_ready._run_init_scripts_on_ready = <function _run_init_scripts_on_ready at 0xffffafeb9870>)
2023-03-05T15:57:05.231 DEBUG --- [  MainThread] plugin.manager             : loading plugin localstack.hooks.on_infra_ready:_run_init_scripts_on_ready
2023-03-05T15:57:05.231 DEBUG --- [  MainThread] plugin.manager             : instantiating plugin PluginSpec(localstack.hooks.on_infra_ready.register_virtual_host_routes = <function register_virtual_host_routes at 0xffffacacdcf0>)
2023-03-05T15:57:05.231 DEBUG --- [  MainThread] plugin.manager             : plugin localstack.hooks.on_infra_ready:register_virtual_host_routes is disabled
2023-03-05T15:57:05.231 DEBUG --- [  MainThread] plugin.manager             : instantiating plugin PluginSpec(localstack.hooks.on_infra_ready.extensions_on_infra_ready = <function extensions_on_infra_ready at 0xffffafedce50>)
2023-03-05T15:57:05.231 DEBUG --- [  MainThread] plugin.manager             : plugin localstack.hooks.on_infra_ready:extensions_on_infra_ready is disabled
2023-03-05T15:57:05.232 DEBUG --- [  MainThread] plugin.manager             : instantiating plugin PluginSpec(localstack.hooks.on_infra_ready.initialize_health_info = <function initialize_health_info at 0xffffafedc280>)
2023-03-05T15:57:05.232 DEBUG --- [  MainThread] plugin.manager             : plugin localstack.hooks.on_infra_ready:initialize_health_info is disabled
2023-03-05T16:20:37.971  WARN --- [   asgi_gw_0] localstack.aws.accounts    : Ignoring production AWS credentials provided to LocalStack. Falling back to default account ID.
2023-03-05T16:20:37.982 DEBUG --- [   asgi_gw_0] plugin.manager             : instantiating plugin PluginSpec(localstack.aws.provider.s3:default = <function s3 at 0xffffae375120>)
2023-03-05T16:20:37.982 DEBUG --- [   asgi_gw_0] plugin.manager             : loading plugin localstack.aws.provider:s3:default
2023-03-05T16:20:37.996  INFO --- [uncthread146] l.services.motoserver      : starting moto server on http://0.0.0.0:48287
2023-03-05T16:20:37.998  INFO --- [   asgi_gw_0] localstack.services.infra  : Starting mock S3 service on http port 4566 ...
2023-03-05T16:20:38.252  INFO --- [   asgi_gw_0] localstack.request.aws     : AWS s3.CreateBucket => 200
2023-03-05T16:20:45.857  WARN --- [   asgi_gw_0] localstack.deprecations    : /health is deprecated (since 1.3.0) and will be removed in upcoming releases of LocalStack! Use /_localstack/health instead.
2023-03-05T16:20:45.956  WARN --- [   asgi_gw_0] localstack.aws.accounts    : Ignoring production AWS credentials provided to LocalStack. Falling back to default account ID.
2023-03-05T16:20:45.975  INFO --- [   asgi_gw_0] localstack.request.aws     : AWS s3.ListObjects => 404 (404)
2023-03-05T16:22:28.268 DEBUG --- [   asgi_gw_0] l.aws.handlers.service     : no service set in context, skipping request parsing
2023-03-05T16:22:28.269  INFO --- [   asgi_gw_0] localstack.request.http    : GET / => 200
2023-03-05T16:22:35.777 DEBUG --- [   asgi_gw_0] l.aws.handlers.service     : no service set in context, skipping request parsing
2023-03-05T16:22:35.777  INFO --- [   asgi_gw_0] localstack.request.http    : GET / => 200
2023-03-05T16:41:11.757 DEBUG --- [   asgi_gw_0] l.aws.handlers.service     : no service set in context, skipping request parsing
2023-03-05T16:41:11.758  INFO --- [   asgi_gw_0] localstack.request.http    : GET / => 200
2023-03-05T16:42:20.576 DEBUG --- [   asgi_gw_0] l.aws.handlers.service     : no service set in context, skipping request parsing
2023-03-05T16:42:20.577  INFO --- [   asgi_gw_0] localstack.request.http    : GET / => 200
2023-03-05T16:42:42.634  INFO --- [   asgi_gw_0] localstack.request.aws     : AWS s3.ListObjects => 404 (NoSuchBucket)
2023-03-05T16:42:55.690  INFO --- [   asgi_gw_0] localstack.request.aws     : AWS s3.ListObjects => 404 (NoSuchBucket)
2023-03-05T16:43:52.151  WARN --- [   asgi_gw_0] localstack.deprecations    : /health is deprecated (since 1.3.0) and will be removed in upcoming releases of LocalStack! Use /_localstack/health instead.
2023-03-05T17:20:32.484 DEBUG --- [   asgi_gw_0] l.aws.handlers.service     : no service set in context, skipping request parsing
2023-03-05T17:20:32.485  INFO --- [   asgi_gw_0] localstack.request.http    : GET / => 200
2023-03-05T18:29:32.021 DEBUG --- [  MainThread] localstack.services.infra  : [shutdown] signal received 15
2023-03-05T18:29:32.026 DEBUG --- [  MainThread] stevedore.extension        : found extension EntryPoint(name='_run_init_scripts_on_shutdown', value='localstack.runtime.init:_run_init_scripts_on_shutdown', group='localstack.hooks.on_infra_shutdown')
2023-03-05T18:29:32.027 DEBUG --- [  MainThread] stevedore.extension        : found extension EntryPoint(name='run_shutdown_handlers', value='localstack.runtime.shutdown:run_shutdown_handlers', group='localstack.hooks.on_infra_shutdown')
2023-03-05T18:29:32.027 DEBUG --- [  MainThread] stevedore.extension        : found extension EntryPoint(name='extensions_on_infra_shutdown', value='localstack_ext.extensions.plugins:extensions_on_infra_shutdown', group='localstack.hooks.on_infra_shutdown')
2023-03-05T18:29:32.027 DEBUG --- [  MainThread] plugin.manager             : instantiating plugin PluginSpec(localstack.hooks.on_infra_shutdown._run_init_scripts_on_shutdown = <function _run_init_scripts_on_shutdown at 0xffffafeb9990>)
2023-03-05T18:29:32.028 DEBUG --- [  MainThread] plugin.manager             : loading plugin localstack.hooks.on_infra_shutdown:_run_init_scripts_on_shutdown
2023-03-05T18:29:32.028 DEBUG --- [  MainThread] plugin.manager             : instantiating plugin PluginSpec(localstack.hooks.on_infra_shutdown.run_shutdown_handlers = <function run_shutdown_handlers at 0xffffaeef75b0>)
2023-03-05T18:29:32.028 DEBUG --- [  MainThread] plugin.manager             : loading plugin localstack.hooks.on_infra_shutdown:run_shutdown_handlers
2023-03-05T18:29:32.028 DEBUG --- [  MainThread] plugin.manager             : instantiating plugin PluginSpec(localstack.hooks.on_infra_shutdown.extensions_on_infra_shutdown = <function extensions_on_infra_shutdown at 0xffffafedcf70>)
2023-03-05T18:29:32.028 DEBUG --- [  MainThread] plugin.manager             : plugin localstack.hooks.on_infra_shutdown:extensions_on_infra_shutdown is disabled
2023-03-05T18:29:32.033 DEBUG --- [  MainThread] localstack.services.infra  : [shutdown] Cleaning up services ...
2023-03-05T18:29:32.033 DEBUG --- [  MainThread] localstack.services.infra  : [shutdown] Cleaning up resources ...
2023-03-05T18:29:32.034 DEBUG --- [  MainThread] localstack.utils.threads   : [shutdown] Done cleaning up threads / processes / tasks
2023-03-05T18:29:32.037 DEBUG --- [  MainThread] localstack.utils.run       : Executing command: rm -rf "/var/lib/localstack/tmp"
2023-03-05T18:29:32.044 DEBUG --- [  MainThread] localstack.services.infra  : [shutdown] Force shutdown, not waiting for infrastructure to shut down
